# JRE version: OpenJDK Runtime Environment Temurin-17.0.11+9 (17.0.11+9) (build 17.0.11+9)
# Java VM: OpenJDK 64-Bit Server VM Temurin-17.0.11+9 (17.0.11+9, mixed mode, sharing, tiered, compressed oops, compressed class ptrs, g1 gc, linux-amd64)
GC Precious Log:
 CPUs: 6 total, 6 available
 Memory: 15591M
 Large Page Support: Disabled
 NUMA Support: Disabled
 Compressed Oops: Enabled (Zero based)
 Heap Region Size: 2M
 Heap Min Capacity: 8M
 Heap Initial Capacity: 244M
 Heap Max Capacity: 3898M
 Pre-touch: Disabled
 Parallel Workers: 6
 Concurrent Workers: 2
 Concurrent Refinement Workers: 6
 Periodic GC: Disabled
Heap:
 garbage-first heap   total 561152K, used 225088K [0x000000070c600000, 0x0000000800000000)
  region size 2048K, 16 young (32768K), 12 survivors (24576K)
 Metaspace       used 26462K, committed 26880K, reserved 1114112K
  class space    used 2854K, committed 3008K, reserved 1048576K
GC Heap History (20 events):
Event: 33.391 GC heap before
{Heap before GC invocations=12 (full 0):
 garbage-first heap   total 280576K, used 199891K [0x000000070c600000, 0x0000000800000000)
  region size 2048K, 37 young (75776K), 4 survivors (8192K)
 Metaspace       used 23769K, committed 24064K, reserved 1114112K
  class space    used 2602K, committed 2752K, reserved 1048576K
}
Event: 33.398 GC heap after
{Heap after GC invocations=13 (full 0):
 garbage-first heap   total 280576K, used 150961K [0x000000070c600000, 0x0000000800000000)
  region size 2048K, 5 young (10240K), 5 survivors (10240K)
 Metaspace       used 23769K, committed 24064K, reserved 1114112K
  class space    used 2602K, committed 2752K, reserved 1048576K
}
Event: 33.414 GC heap before
{Heap before GC invocations=13 (full 0):
 garbage-first heap   total 280576K, used 153009K [0x000000070c600000, 0x0000000800000000)
  region size 2048K, 6 young (12288K), 5 survivors (10240K)
 Metaspace       used 23769K, committed 24064K, reserved 1114112K
  class space    used 2602K, committed 2752K, reserved 1048576K
}
Event: 33.417 GC heap after
{Heap after GC invocations=14 (full 0):
 garbage-first heap   total 280576K, used 152464K [0x000000070c600000, 0x0000000800000000)
  region size 2048K, 1 young (2048K), 1 survivors (2048K)
 Metaspace       used 23769K, committed 24064K, reserved 1114112K
  class space    used 2602K, committed 2752K, reserved 1048576K
}
Event: 33.495 GC heap before
{Heap before GC invocations=14 (full 0):
 garbage-first heap   total 280576K, used 160656K [0x000000070c600000, 0x0000000800000000)
  region size 2048K, 6 young (12288K), 1 survivors (2048K)
 Metaspace       used 23794K, committed 24128K, reserved 1114112K
  class space    used 2602K, committed 2752K, reserved 1048576K
}
Event: 33.497 GC heap after
{Heap after GC invocations=15 (full 0):
 garbage-first heap   total 280576K, used 160829K [0x000000070c600000, 0x0000000800000000)
  region size 2048K, 4 young (8192K), 4 survivors (8192K)
 Metaspace       used 23794K, committed 24128K, reserved 1114112K
  class space    used 2602K, committed 2752K, reserved 1048576K
}
Event: 33.719 GC heap before
{Heap before GC invocations=16 (full 0):
 garbage-first heap   total 280576K, used 144445K [0x000000070c600000, 0x0000000800000000)
  region size 2048K, 22 young (45056K), 4 survivors (8192K)
 Metaspace       used 23936K, committed 24192K, reserved 1114112K
  class space    used 2612K, committed 2752K, reserved 1048576K
}
Event: 33.728 GC heap after
{Heap after GC invocations=17 (full 0):
 garbage-first heap   total 280576K, used 118703K [0x000000070c600000, 0x0000000800000000)
  region size 2048K, 3 young (6144K), 3 survivors (6144K)
 Metaspace       used 23936K, committed 24192K, reserved 1114112K
  class space    used 2612K, committed 2752K, reserved 1048576K
}
Event: 33.758 GC heap before
{Heap before GC invocations=17 (full 0):
 garbage-first heap   total 280576K, used 124847K [0x000000070c600000, 0x0000000800000000)
  region size 2048K, 6 young (12288K), 3 survivors (6144K)
 Metaspace       used 23942K, committed 24192K, reserved 1114112K
  class space    used 2612K, committed 2752K, reserved 1048576K
}
Event: 33.762 GC heap after
{Heap after GC invocations=18 (full 0):
 garbage-first heap   total 280576K, used 103594K [0x000000070c600000, 0x0000000800000000)
  region size 2048K, 1 young (2048K), 1 survivors (2048K)
 Metaspace       used 23942K, committed 24192K, reserved 1114112K
  class space    used 2612K, committed 2752K, reserved 1048576K
}
Event: 35.104 GC heap before
{Heap before GC invocations=18 (full 0):
 garbage-first heap   total 280576K, used 162986K [0x000000070c600000, 0x0000000800000000)
  region size 2048K, 30 young (61440K), 1 survivors (2048K)
 Metaspace       used 24931K, committed 25216K, reserved 1114112K
  class space    used 2698K, committed 2816K, reserved 1048576K
}
Event: 35.112 GC heap after
{Heap after GC invocations=19 (full 0):
 garbage-first heap   total 280576K, used 118087K [0x000000070c600000, 0x0000000800000000)
  region size 2048K, 4 young (8192K), 4 survivors (8192K)
 Metaspace       used 24931K, committed 25216K, reserved 1114112K
  class space    used 2698K, committed 2816K, reserved 1048576K
}
Event: 35.358 GC heap before
{Heap before GC invocations=19 (full 0):
 garbage-first heap   total 280576K, used 175431K [0x000000070c600000, 0x0000000800000000)
  region size 2048K, 32 young (65536K), 4 survivors (8192K)
 Metaspace       used 24938K, committed 25280K, reserved 1114112K
  class space    used 2699K, committed 2880K, reserved 1048576K
}
Event: 35.366 GC heap after
{Heap after GC invocations=20 (full 0):
 garbage-first heap   total 280576K, used 128365K [0x000000070c600000, 0x0000000800000000)
  region size 2048K, 4 young (8192K), 4 survivors (8192K)
 Metaspace       used 24938K, committed 25280K, reserved 1114112K
  class space    used 2699K, committed 2880K, reserved 1048576K
}
Event: 35.601 GC heap before
{Heap before GC invocations=20 (full 0):
 garbage-first heap   total 280576K, used 185709K [0x000000070c600000, 0x0000000800000000)
  region size 2048K, 32 young (65536K), 4 survivors (8192K)
 Metaspace       used 24946K, committed 25280K, reserved 1114112K
  class space    used 2700K, committed 2880K, reserved 1048576K
}
Event: 35.614 GC heap after
{Heap after GC invocations=21 (full 0):
 garbage-first heap   total 561152K, used 139731K [0x000000070c600000, 0x0000000800000000)
  region size 2048K, 4 young (8192K), 4 survivors (8192K)
 Metaspace       used 24946K, committed 25280K, reserved 1114112K
  class space    used 2700K, committed 2880K, reserved 1048576K
}
Event: 36.645 GC heap before
{Heap before GC invocations=21 (full 0):
 garbage-first heap   total 561152K, used 328147K [0x000000070c600000, 0x0000000800000000)
  region size 2048K, 95 young (194560K), 4 survivors (8192K)
 Metaspace       used 25002K, committed 25408K, reserved 1114112K
  class space    used 2700K, committed 2880K, reserved 1048576K
}
Event: 36.678 GC heap after
{Heap after GC invocations=22 (full 0):
 garbage-first heap   total 561152K, used 184902K [0x000000070c600000, 0x0000000800000000)
  region size 2048K, 12 young (24576K), 12 survivors (24576K)
 Metaspace       used 25002K, committed 25408K, reserved 1114112K
  class space    used 2700K, committed 2880K, reserved 1048576K
}
Event: 1776.520 GC heap before
{Heap before GC invocations=22 (full 0):
 garbage-first heap   total 561152K, used 350790K [0x000000070c600000, 0x0000000800000000)
  region size 2048K, 93 young (190464K), 12 survivors (24576K)
 Metaspace       used 26417K, committed 26816K, reserved 1114112K
  class space    used 2854K, committed 3008K, reserved 1048576K
}
Event: 1776.544 GC heap after
{Heap after GC invocations=23 (full 0):
 garbage-first heap   total 561152K, used 218944K [0x000000070c600000, 0x0000000800000000)
  region size 2048K, 12 young (24576K), 12 survivors (24576K)
 Metaspace       used 26417K, committed 26816K, reserved 1114112K
  class space    used 2854K, committed 3008K, reserved 1048576K
}

